scripts/kconfig/conf  --silentoldconfig Kconfig
  CHK     include/config/kernel.release
  CHK     include/config/kernel.release_full
  CHK     include/generated/uapi/linux/version.h
  CC      scripts/mod/empty.o
  CC      scripts/mod/devicetable-offsets.s
  MKELF   scripts/mod/elfconfig.h
  HOSTCC  scripts/mod/modpost.o
  HOSTCC  scripts/mod/sumversion.o
  CHK     scripts/mod/devicetable-offsets.h
  HOSTCC  scripts/mod/file2alias.o
  CHK     include/generated/utsrelease.h
  CHK     include/generated/timeconst.h
  CC      kernel/bounds.s
  CHK     include/generated/bounds.h
  CC      arch/arm64/kernel/asm-offsets.s
  HOSTLD  scripts/mod/modpost
  CHK     include/generated/asm-offsets.h
  CALL    scripts/checksyscalls.sh
  VDSOC   arch/arm64/kernel/vdso/vgettimeofday.o
  VDSOL   arch/arm64/kernel/vdso/vdso.so.dbg
  VDSOSYM include/generated/vdso-offsets.h
  CHK     include/generated/compile.h
  CC      init/do_mounts.o
  CC      init/init_task.o
  UPD     include/generated/compile.h
  CC      init/version.o
  CC      arch/arm64/kernel/signal.o
  CC      arch/arm64/kernel/vdso.o
  CC      ipc/mqueue.o
  CC      security/smack/smack_lsm.o
  CC      security/selinux/avc.o
  CC      security/selinux/hooks.o
  CC      kernel/fork.o
  CC      fs/namei.o
  CC      security/smack/smack_access.o
  CC      security/selinux/selinuxfs.o
  CC      crypto/algapi.o
  CC      security/smack/smackfs.o
  CC      drivers/base/core.o
  CC      security/selinux/netlink.o
  CC      drivers/amlogic/ethernet/phy/amlogic.o
  CC      security/lsm_audit.o
  CC      arch/arm64/kernel/signal32.o
  CC      drivers/amlogic/ethernet/phy/phy_debug.o
  LD      init/mounts.o
  LD      init/built-in.o
  CC      crypto/aead.o
  CC      net/socket.o
  CC      fs/select.o
  CC      security/selinux/nlmsgtab.o
  CC      net/802/p8022.o
  LD      ipc/built-in.o
  CC      kernel/exit.o
  CC      drivers/connector/cn_queue.o
  CC      net/bridge/br.o
  CC      drivers/base/property.o
  CC      crypto/skcipher.o
  OBJCOPY arch/arm64/kernel/vdso/vdso.so
  AS      arch/arm64/kernel/vdso/vdso.o
  LD      drivers/amlogic/ethernet/phy/built-in.o
  LD      arch/arm64/kernel/vdso/built-in.o
  LD      arch/arm64/kernel/built-in.o
  CC      net/core/sock.o
  CC      net/802/psnap.o
  CC      security/selinux/netif.o
  CC      drivers/connector/connector.o
  CC      net/bridge/br_device.o
  LD      security/smack/smack.o
  LD      security/smack/built-in.o
  CC      drivers/connector/cn_proc.o
  CC      net/802/stp.o
  CC      lib/kobject_uevent.o
  LD      drivers/amlogic/built-in.o
  CC      crypto/algboss.o
  CC      net/ethernet/eth.o
  CC      net/core/request_sock.o
  CC      net/bridge/br_fdb.o
  CC      net/bridge/br_forward.o
  CC      security/selinux/netnode.o
  LD      net/802/built-in.o
  LD      drivers/base/built-in.o
  CC      kernel/sysctl.o
  CC      net/core/skbuff.o
  CC      net/core/datagram.o
  CC      net/core/stream.o
  LD      drivers/connector/cn.o
  LD      drivers/connector/built-in.o
  CC      lib/vsprintf.o
  CC      crypto/authenc.o
  LD      net/ethernet/built-in.o
  CC      net/ipv4/route.o
  CC      crypto/authencesn.o
  CC      kernel/sysctl_binary.o
  CC      security/selinux/netport.o
  CC      net/core/scm.o
  CC      net/bridge/br_if.o
  CC      fs/lockd/clntlock.o
  CC      fs/nfs/client.o
  CC      net/ipv4/inetpeer.o
  CC      net/bridge/br_input.o
  CC      fs/nfs/dir.o
  CC      security/selinux/ss/ebitmap.o
  CC      drivers/net/mii.o
  CC      net/core/gen_stats.o
  CC      crypto/af_alg.o
  CC      kernel/pid.o
  CC      net/ipv6/af_inet6.o
  CC      fs/nfs_common/grace.o
  CC      net/ipv4/protocol.o
  CC      fs/lockd/clntproc.o
  LD      fs/nfs_common/built-in.o
  CC      net/key/af_key.o
  CC      drivers/net/Space.o
  CC      fs/nfs/file.o
  CC      net/bridge/br_ioctl.o
  CC      fs/lockd/clntxdr.o
  CC      security/selinux/ss/sidtab.o
  AR      lib/lib.a
  EXPORTS lib/lib-ksyms.o
  CC      crypto/algif_hash.o
  LD      lib/built-in.o
  CC      kernel/nsproxy.o
  CC      net/core/gen_estimator.o
  CC      net/bridge/br_stp.o
  CC      net/l2tp/l2tp_core.o
  CC      drivers/net/loopback.o
  CC      net/ipv6/anycast.o
  CC      net/ipv4/ip_input.o
  CC      net/ipv4/ip_fragment.o
  CC      kernel/cred.o
  CC      security/selinux/ss/avtab.o
  CC      fs/lockd/host.o
  CC      net/llc/llc_core.o
  CC      crypto/algif_skcipher.o
  CC      security/selinux/ss/policydb.o
  CC      net/bridge/br_stp_bpdu.o
  CC      fs/nfs/getroot.o
  CC      drivers/net/ethernet/stmicro/stmmac/stmmac_main.o
  CC      net/core/net_namespace.o
  CC      net/ipv6/ip6_output.o
  CC      drivers/net/ethernet/stmicro/stmmac/stmmac_ethtool.o
  CC      net/llc/llc_input.o
  CC      kernel/bpf/core.o
  CC      net/core/flow_dissector.o
  CC      net/l2tp/l2tp_ppp.o
  CC      net/ipv4/ip_forward.o
  CC      fs/lockd/svc.o
  CC      fs/nfs/inode.o
  CC      net/bridge/br_stp_if.o
  CC      net/llc/llc_output.o
  CC      net/netfilter/core.o
  LD      crypto/crypto_algapi.o
  LD      crypto/crypto_blkcipher.o
  LD      crypto/cryptomgr.o
  LD      crypto/built-in.o
  LD      net/key/built-in.o
  CC      net/bridge/br_stp_timer.o
  CC      drivers/net/phy/phy.o
  CC      drivers/net/phy/phy_device.o
  CC      fs/proc/namespaces.o
  CC      net/ipv4/ip_options.o
  LD      net/llc/llc.o
  LD      net/llc/built-in.o
  CC      drivers/net/ethernet/stmicro/stmmac/stmmac_mdio.o
  CC      fs/lockd/svclock.o
  LD      kernel/bpf/built-in.o
  CC      net/core/sysctl_net_core.o
  CC      kernel/events/core.o
  CC      net/core/dev.o
  CC      fs/proc/proc_net.o
  CC      net/bridge/br_netlink.o
  CC      net/l2tp/l2tp_ip.o
  CC      security/selinux/ss/services.o
  CC      net/netfilter/nf_log.o
  CC      net/core/ethtool.o
  CC      net/netfilter/nf_queue.o
  CC      drivers/net/phy/mdio_bus.o
  LD      fs/proc/proc.o
  LD      fs/proc/built-in.o
  CC      net/ipv4/ip_output.o
  CC      net/ipv6/ip6_input.o
  CC      drivers/net/ethernet/stmicro/stmmac/ring_mode.o
  CC      drivers/net/ppp/ppp_generic.o
  CC      fs/lockd/svcshare.o
  CC      fs/nfs/super.o
  CC      drivers/net/ethernet/stmicro/stmmac/chain_mode.o
  CC      fs/nfs/io.o
  CC      net/l2tp/l2tp_netlink.o
  CC      net/bridge/br_sysfs_if.o
  CC      net/netfilter/nf_sockopt.o
  CC      drivers/net/phy/icplus.o
  CC      fs/lockd/svcproc.o
  CC      drivers/net/phy/realtek.o
  CC      drivers/net/ethernet/stmicro/stmmac/dwmac_lib.o
  CC      net/ipv6/addrconf.o
  CC      drivers/net/ethernet/stmicro/stmmac/dwmac1000_core.o
  CC      drivers/net/ethernet/stmicro/stmmac/dwmac1000_dma.o
  CC      net/netfilter/nfnetlink.o
  CC      net/bridge/br_sysfs_br.o
  CC      fs/lockd/svcsubs.o
  CC      drivers/net/phy/smsc.o
  CC      net/l2tp/l2tp_eth.o
  CC      security/selinux/ss/conditional.o
  CC      drivers/net/ethernet/stmicro/stmmac/dwmac100_core.o
  CC      drivers/net/slip/slhc.o
  CC      net/ipv4/ip_sockglue.o
  CC      net/core/dev_addr_lists.o
  CC      fs/nfs/direct.o
  CC      drivers/net/ppp/ppp_async.o
  CC      net/netfilter/nfnetlink_queue.o
  LD      drivers/net/phy/libphy.o
  LD      drivers/net/phy/built-in.o
  LD      drivers/net/wireless/admtek/built-in.o
  LD      drivers/net/wireless/ath/built-in.o
  LD      drivers/net/wireless/atmel/built-in.o
  LD      drivers/net/wireless/broadcom/built-in.o
  CC      fs/quota/netlink.o
  LD      drivers/net/wireless/cisco/built-in.o
  LD      drivers/net/wireless/intel/built-in.o
  LD      drivers/net/wireless/intersil/built-in.o
  LD      drivers/net/wireless/marvell/built-in.o
  LD      drivers/net/wireless/mediatek/built-in.o
  CC      drivers/net/ethernet/stmicro/stmmac/dwmac100_dma.o
  LD      drivers/net/wireless/ralink/built-in.o
  LD      drivers/net/wireless/realtek/built-in.o
  LD      drivers/net/wireless/rsi/built-in.o
  CC      fs/lockd/mon.o
  LD      drivers/net/wireless/st/built-in.o
  LD      drivers/net/wireless/ti/built-in.o
  LD      drivers/net/wireless/zydas/built-in.o
  LD      drivers/net/wireless/built-in.o
  CC      drivers/net/ethernet/stmicro/stmmac/enh_desc.o
  CC      security/selinux/ss/mls.o
  CC      net/l2tp/l2tp_debugfs.o
  CC      net/bridge/br_nf_core.o
  LD      fs/quota/built-in.o
  CC      net/l2tp/l2tp_ip6.o
  LD      drivers/net/slip/built-in.o
  CC      fs/lockd/xdr.o
  CC      net/ipv6/addrlabel.o
  CC      net/netfilter/nfnetlink_log.o
  CC      drivers/net/ppp/pppox.o
  CC      drivers/net/ethernet/stmicro/stmmac/norm_desc.o
  CC      fs/nfs/pagelist.o
  CC      net/bridge/br_multicast.o
  CC      drivers/net/ppp/pppoe.o
  CC      security/selinux/ss/status.o
  CC      drivers/net/ppp/pppolac.o
  CC      net/ipv4/inet_hashtables.o
  CC      net/ipv6/route.o
  CC      fs/lockd/clnt4xdr.o
  CC      drivers/net/ethernet/stmicro/stmmac/stmmac_hwtstamp.o
  CC      net/netfilter/nf_conntrack_core.o
  CC      net/netlabel/netlabel_user.o
  LD      net/l2tp/built-in.o
  CC      net/ipv4/inet_timewait_sock.o
  CC      security/selinux/netlabel.o
  CC      drivers/net/tun.o
  CC      net/netlink/af_netlink.o
  CC      net/core/dst.o
  CC      drivers/net/ethernet/stmicro/stmmac/stmmac_ptp.o
  LD      kernel/events/built-in.o
  CC      drivers/net/ppp/pppopns.o
  CC      net/netlabel/netlabel_kapi.o
  CC      net/bridge/br_mdb.o
  CC      kernel/sched/core.o
  CC      fs/nfs/read.o
  CC      fs/lockd/xdr4.o
  CC      net/packet/af_packet.o
  CC      net/ipv4/inet_connection_sock.o
  LD      security/selinux/selinux.o
  LD      security/selinux/built-in.o
  CC      drivers/net/ethernet/stmicro/stmmac/dwmac4_descs.o
  LD      security/built-in.o
  CC      net/packet/diag.o
  CC      net/core/netevent.o
  CC      drivers/of/of_net.o
  LD      drivers/net/ppp/built-in.o
  CC      fs/nfs/symlink.o
  CC      fs/lockd/svc4proc.o
  CC      net/netlabel/netlabel_domainhash.o
  CC      net/bridge/br_netfilter_hooks.o
  CC      net/netlink/genetlink.o
  CC      drivers/net/ethernet/stmicro/stmmac/dwmac4_dma.o
  CC      net/core/neighbour.o
  CC      net/netfilter/nf_conntrack_standalone.o
  CC      drivers/of/of_mdio.o
  CC      fs/nfs/unlink.o
  CC      drivers/net/ethernet/stmicro/stmmac/dwmac4_lib.o
  CC      net/ipv4/tcp.o
  CC      net/core/rtnetlink.o
  CC      net/ipv6/ip6_fib.o
  CC      fs/lockd/procfs.o
  LD      net/packet/af_packet_diag.o
  CC      drivers/net/ethernet/stmicro/stmmac/dwmac4_core.o
  CC      fs/nfs/write.o
  LD      drivers/of/built-in.o
  CC      net/netlabel/netlabel_addrlist.o
  CC      net/netfilter/nf_conntrack_expect.o
  CC      net/phonet/pn_dev.o
  CC      net/bridge/br_netfilter_ipv6.o
  LD      fs/lockd/lockd.o
  LD      net/netlink/built-in.o
  LD      fs/lockd/built-in.o
  CC      net/ipv6/ipv6_sockglue.o
  CC      net/netlabel/netlabel_mgmt.o
  CC      drivers/net/ethernet/stmicro/stmmac/stmmac_platform.o
  CC      net/netfilter/nf_conntrack_helper.o
  CC      net/phonet/pn_netlink.o
  CC      net/ipv4/tcp_input.o
  LD      net/packet/built-in.o
  CC      net/core/utils.o
  LD      net/bridge/bridge.o
  LD      net/bridge/br_netfilter.o
  LD      net/bridge/built-in.o
  CC      net/netfilter/nf_conntrack_proto.o
  CC      drivers/net/ethernet/stmicro/stmmac/dwmac-meson.o
  CC      net/ipv6/ndisc.o
  CC      fs/nfs/namespace.o
  CC      net/ipv4/tcp_output.o
  CC      net/netlabel/netlabel_unlabeled.o
  CC      net/phonet/socket.o
  CC      net/netlabel/netlabel_cipso_v4.o
  CC      net/core/link_watch.o
  CC      drivers/net/ethernet/stmicro/stmmac/dwmac-meson8b.o
  CC      net/netlabel/netlabel_calipso.o
  CC      net/ipv4/tcp_timer.o
  CC      net/rfkill/core.o
  CC      net/netfilter/nf_conntrack_l3proto_generic.o
  CC      fs/nfs/mount_clnt.o
  CC      net/netfilter/nf_conntrack_proto_generic.o
  CC      net/netfilter/nf_conntrack_proto_tcp.o
  CC      drivers/net/ethernet/stmicro/stmmac/dwmac-generic.o
  CC      net/phonet/datagram.o
  CC      net/core/filter.o
  CC      net/ipv6/udp.o
  CC      fs/nfs/nfstrace.o
  LD      net/netlabel/built-in.o
  CC      net/netfilter/nf_conntrack_proto_udp.o
  LD      net/rfkill/rfkill.o
  LD      net/rfkill/built-in.o
  CC      net/core/sock_diag.o
  CC      net/phonet/sysctl.o
  CC      net/netfilter/nf_conntrack_extend.o
  CC      fs/nfs/nfsroot.o
  CC      net/core/dev_ioctl.o
  LD      drivers/net/ethernet/stmicro/stmmac/stmmac.o
  LD      drivers/net/ethernet/stmicro/stmmac/stmmac-platform.o
  LD      drivers/net/ethernet/stmicro/stmmac/built-in.o
  CC      net/netfilter/nf_conntrack_acct.o
  LD      drivers/net/ethernet/stmicro/built-in.o
  LD      drivers/net/ethernet/built-in.o
  LD      drivers/net/built-in.o
  CC      net/ipv4/tcp_ipv4.o
  CC      drivers/thermal/thermal_core.o
  CC      net/ipv6/udplite.o
  CC      net/phonet/af_phonet.o
  CC      fs/nfs/sysctl.o
  CC      net/sched/sch_generic.o
  LD      kernel/sched/built-in.o
  CC      kernel/cgroup.o
  CC      net/sched/sch_mq.o
  CC      net/ipv4/tcp_minisocks.o
  CC      net/netfilter/nf_conntrack_seqadj.o
  CC      net/sunrpc/clnt.o
  CC      net/netfilter/nf_conntrack_ecache.o
  CC      net/phonet/pep.o
  CC      fs/nfs/nfs2super.o
  CC      net/sunrpc/xprt.o
  CC      fs/nfs/proc.o
  CC      net/core/tso.o
  CC      net/ipv6/raw.o
  CC      net/ipv4/tcp_cong.o
  CC      net/sched/sch_api.o
  CC      net/core/sock_reuseport.o
  GZIP    kernel/config_data.gz
  CC      net/phonet/pep-gprs.o
  CC      net/netfilter/nf_conntrack_proto_dccp.o
  CC      fs/nfs/nfs2xdr.o
  CC      net/ipv6/icmp.o
  CC      net/unix/af_unix.o
  CC      net/wireless/core.o
  CC      net/ipv4/tcp_metrics.o
  CC      fs/nfs/nfs3super.o
  CC      net/netfilter/nf_conntrack_proto_gre.o
  CC      net/core/flow.o
  CC      net/ipv6/mcast.o
  LD      drivers/thermal/thermal_sys.o
  LD      drivers/thermal/built-in.o
  LD      net/phonet/phonet.o
  LD      net/phonet/pn_pep.o
  LD      net/phonet/built-in.o
  CC      fs/compat_ioctl.o
  CC      net/sunrpc/socklib.o
  CC      drivers/usb/gadget/function/u_ether.o
  CC      net/core/net-sysfs.o
  CC      net/ipv4/tcp_fastopen.o
  CC      net/ipv6/reassembly.o
  CC      fs/nfs/nfs3client.o
  CC      net/xfrm/xfrm_policy.o
  CC      net/sched/sch_blackhole.o
  CC      net/netfilter/nf_conntrack_proto_sctp.o
  CC      net/sunrpc/xprtsock.o
  CC      net/sunrpc/sched.o
  CC      kernel/audit.o
  CC      drivers/usb/gadget/function/f_rndis.o
  CC      net/ipv4/tcp_rate.o
  CC      net/sched/cls_api.o
  CC      net/wireless/sysfs.o
  CC      fs/nfs/nfs3proc.o
  CC      net/unix/garbage.o
  CC      net/core/net-procfs.o
  CC      net/netfilter/nf_conntrack_proto_udplite.o
  CC      net/compat.o
  CC      net/sunrpc/auth.o
  CC      net/ipv4/tcp_recovery.o
  CC      drivers/usb/gadget/function/rndis.o
  CC      net/ipv6/tcp_ipv6.o
  CC      net/unix/sysctl_net_unix.o
  CC      net/sched/act_api.o
  CC      net/xfrm/xfrm_state.o
  CC      net/core/fib_rules.o
  CC      net/wireless/radiotap.o
  CC      fs/nfs/nfs3xdr.o
  CC      net/netfilter/nf_conntrack_netlink.o
  CC      kernel/auditfilter.o
  CC      net/sunrpc/auth_null.o
  CC      net/ipv4/tcp_offload.o
  CC      net/unix/diag.o
  CC      net/core/net-traces.o
  LD      drivers/usb/gadget/function/usb_f_rndis.o
  LD      drivers/usb/gadget/function/built-in.o
  LD      drivers/usb/gadget/built-in.o
  CC      net/wireless/util.o
  LD      drivers/usb/built-in.o
  LD      drivers/built-in.o
  CC      net/wireless/reg.o
  CC      net/sched/act_police.o
  CC      net/sunrpc/auth_unix.o
  CC      net/unix/scm.o
  CC      fs/nfs/nfs3acl.o
  CC      net/netfilter/nf_conntrack_amanda.o
  CC      net/ipv4/datagram.o
  CC      net/sched/act_gact.o
  CC      net/sysctl_net.o
  CC      net/sunrpc/auth_generic.o
  CC      kernel/seccomp.o
  CC      net/ipv6/ping.o
  CC      fs/nfs/nfs4proc.o
  CC      net/wireless/scan.o
  LD      net/unix/unix.o
  LD      net/unix/unix_diag.o
  LD      net/unix/built-in.o
  CC      net/ipv6/exthdrs.o
  CC      net/ipv4/raw.o
  CC      net/sched/act_mirred.o
  CC      net/sched/sch_fifo.o
  CC      fs/nfs/nfs4xdr.o
  CC      net/ipv4/udp.o
  CC      net/core/ptp_classifier.o
  CC      net/xfrm/xfrm_input.o
  CC      net/netfilter/nf_conntrack_ftp.o
  CC      net/sunrpc/svc.o
  CC      net/xfrm/xfrm_output.o
  CC      kernel/taskstats.o
  CC      net/core/dst_cache.o
  CC      net/wireless/nl80211.o
  CC      fs/nfs/nfs4state.o
  CC      net/sched/sch_htb.o
  CC      net/sunrpc/svcsock.o
  CC      net/ipv6/datagram.o
  CC      fs/nfs/nfs4renewd.o
  CC      net/netfilter/nf_conntrack_h323_main.o
  CC      net/xfrm/xfrm_sysctl.o
  CC      net/ipv4/udplite.o
  CHK     kernel/config_data.h
  UPD     kernel/config_data.h
  CC      kernel/configs.o
  LD      net/core/built-in.o
  CC      net/ipv4/udp_offload.o
  LD      kernel/built-in.o
  CC      net/wireless/mlme.o
  CC      net/ipv6/ip6_flowlabel.o
  CC      net/xfrm/xfrm_replay.o
  CC      net/ipv4/arp.o
  CC      net/sched/sch_ingress.o
  CC      net/ipv6/inet6_connection_sock.o
  CC      fs/nfs/nfs4super.o
  CC      net/xfrm/xfrm_algo.o
  CC      net/sunrpc/svcauth_unix.o
  CC      net/sched/cls_u32.o
  CC      net/netfilter/nf_conntrack_irc.o
  CC      net/wireless/ibss.o
  CC      net/ipv6/udp_offload.o
  CC      net/xfrm/xfrm_user.o
  CC      net/wireless/sme.o
  CC      net/ipv6/sysctl_net_ipv6.o
  CC      net/xfrm/xfrm_ipcomp.o
  CC      net/netfilter/nf_conntrack_broadcast.o
  CC      net/sched/ematch.o
  CC      net/wireless/chan.o
  CC      net/ipv4/icmp.o
  CC      net/sunrpc/addr.o
  CC      net/wireless/ethtool.o
  CC      fs/nfs/nfs4file.o
  CC      net/ipv4/devinet.o
  CC      net/sched/em_u32.o
  CC      net/ipv6/xfrm6_policy.o
  CC      net/netfilter/nf_conntrack_netbios_ns.o
  CC      fs/nfs/delegation.o
  CC      net/netfilter/nf_conntrack_pptp.o
  CC      fs/nfs/nfs4idmap.o
  CC      fs/nfs/callback.o
  CC      net/sunrpc/rpcb_clnt.o
  LD      net/sched/built-in.o
  CC      fs/nfs/callback_xdr.o
  CC      net/wireless/mesh.o
  CC      net/netfilter/nf_conntrack_sane.o
  CC      net/ipv4/af_inet.o
  CC      net/ipv6/xfrm6_state.o
  CC      net/sunrpc/timer.o
  CC      fs/nfs/callback_proc.o
  CC      net/ipv6/xfrm6_input.o
  LD      net/xfrm/built-in.o
  CC      net/ipv4/igmp.o
  CC      fs/nfs/nfs4namespace.o
  CC      net/ipv6/xfrm6_output.o
  CC      net/ipv6/xfrm6_protocol.o
  CC      net/wireless/ap.o
  CC      net/netfilter/nf_conntrack_tftp.o
  CC      net/sunrpc/sunrpc_syms.o
  CC      net/wireless/trace.o
  CC      net/ipv6/netfilter.o
  CC      net/netfilter/nf_nat_core.o
  CC      net/ipv4/fib_frontend.o
  CC      net/sunrpc/cache.o
  CC      net/ipv4/fib_semantics.o
  CC      net/sunrpc/rpc_pipe.o
  CC      net/wireless/ocb.o
  CC      fs/nfs/nfs4getroot.o
  CC      net/ipv4/fib_trie.o
  CC      net/netfilter/nf_nat_proto_unknown.o
  CC      fs/nfs/nfs4client.o
  CC      net/ipv6/fib6_rules.o
  CC      net/wireless/wext-compat.o
  CC      net/sunrpc/svc_xprt.o
  CC      fs/nfs/nfs4session.o
  CC      net/ipv4/inet_fragment.o
  CC      net/wireless/wext-sme.o
  CC      net/netfilter/nf_nat_proto_common.o
  CC      net/ipv4/ping.o
  CC      net/netfilter/nf_nat_proto_udp.o
  CC      net/sunrpc/xprtmultipath.o
  CC      net/ipv6/proc.o
  CC      net/netfilter/nf_nat_proto_tcp.o
  CC      net/ipv4/ip_tunnel_core.o
  CC      net/wireless/wext-core.o
  CC      net/ipv6/syncookies.o
  CC      net/sunrpc/stats.o
  CC      fs/nfs/dns_resolve.o
  CC      net/ipv4/gre_offload.o
  CC      net/netfilter/nf_nat_helper.o
  CC      net/sunrpc/sysctl.o
  CC      net/wireless/wext-proc.o
  CC      fs/nfs/nfs4trace.o
  CC      net/netfilter/nf_nat_redirect.o
  CC      net/sunrpc/auth_gss/auth_gss.o
  CC      fs/nfs/nfs4sysctl.o
  CC      net/ipv6/calipso.o
  CC      net/wireless/regdb.o
  CC      net/ipv4/ip_tunnel.o
  CC      net/netfilter/nf_nat_proto_dccp.o
  CC      net/ipv4/sysctl_net_ipv4.o
  CC      net/ipv6/ah6.o
  CC      net/netfilter/nf_nat_proto_udplite.o
  CC      net/sunrpc/auth_gss/gss_mech_switch.o
  LD      fs/nfs/nfs.o
  CC      net/ipv4/proc.o
  CC      net/ipv6/esp6.o
  LD      net/sunrpc/sunrpc.o
  CC      net/netfilter/nf_nat_proto_sctp.o
  CC      net/ipv4/fib_rules.o
  CC      net/netfilter/nf_nat_amanda.o
  CC      net/ipv6/ipcomp6.o
  CC      net/ipv4/ipip.o
  LD      fs/nfs/nfsv2.o
  CC      net/sunrpc/auth_gss/svcauth_gss.o
  CC      net/netfilter/nf_nat_ftp.o
  CC      net/ipv4/udp_tunnel.o
  LD      fs/nfs/nfsv3.o
  CC      net/ipv6/xfrm6_tunnel.o
  CC      net/ipv4/syncookies.o
  CC      net/sunrpc/auth_gss/gss_rpc_upcall.o
  CC      net/ipv6/tunnel6.o
  CC      net/netfilter/nf_nat_irc.o
  CC      net/sunrpc/auth_gss/gss_rpc_xdr.o
  CC      net/ipv6/xfrm6_mode_transport.o
  CC      net/ipv4/esp4.o
  CC      net/netfilter/nf_nat_tftp.o
  LD      fs/nfs/nfsv4.o
  LD      fs/nfs/built-in.o
  CC      net/ipv6/xfrm6_mode_tunnel.o
  CC      net/netfilter/x_tables.o
  LD      fs/built-in.o
  CC      net/ipv4/xfrm4_mode_beet.o
  CC      net/ipv4/tunnel4.o
  CC      net/netfilter/xt_tcpudp.o
  CC      net/ipv6/xfrm6_mode_beet.o
  CC      net/ipv4/xfrm4_mode_transport.o
  CC      net/netfilter/xt_mark.o
  CC      net/ipv4/xfrm4_mode_tunnel.o
  CC      net/netfilter/xt_connmark.o
  CC      net/ipv6/mip6.o
  CC      net/ipv4/ipconfig.o
  LD      net/sunrpc/auth_gss/auth_rpcgss.o
  LD      net/sunrpc/auth_gss/built-in.o
  LD      net/sunrpc/built-in.o
  CC      net/ipv4/netfilter.o
  CC      net/ipv6/netfilter/ip6_tables.o
  CC      net/ipv6/sit.o
  CC      net/ipv4/inet_diag.o
  CC      net/ipv4/netfilter/nf_conntrack_l3proto_ipv4.o
  CC      net/netfilter/xt_nat.o
  CC      net/ipv4/netfilter/nf_conntrack_proto_icmp.o
  CC      net/ipv6/netfilter/ip6table_filter.o
  CC      net/netfilter/xt_CLASSIFY.o
  CC      net/ipv4/tcp_diag.o
  CC      net/ipv4/tcp_cubic.o
  CC      net/ipv4/netfilter/nf_nat_l3proto_ipv4.o
  CC      net/ipv6/netfilter/ip6table_mangle.o
  CC      net/ipv4/cipso_ipv4.o
  CC      net/ipv6/ip6_tunnel.o
  CC      net/ipv6/netfilter/ip6table_raw.o
  CC      net/netfilter/xt_CONNSECMARK.o
  CC      net/netfilter/xt_NETMAP.o
  CC      net/ipv4/xfrm4_policy.o
  CC      net/netfilter/xt_NFLOG.o
  CC      net/ipv6/addrconf_core.o
  CC      net/ipv4/xfrm4_state.o
  CC      net/ipv6/exthdrs_core.o
  CC      net/ipv4/xfrm4_input.o
  CC      net/ipv4/netfilter/nf_nat_proto_icmp.o
  CC      net/netfilter/xt_NFQUEUE.o
  CC      net/ipv6/ip6_checksum.o
  CC      net/ipv6/netfilter/ip6table_nat.o
  CC      net/ipv4/xfrm4_output.o
  CC      net/ipv4/netfilter/nf_defrag_ipv4.o
  CC      net/netfilter/xt_REDIRECT.o
  CC      net/ipv4/xfrm4_protocol.o
  CC      net/netfilter/xt_SECMARK.o
  CC      net/ipv6/netfilter/nf_conntrack_l3proto_ipv6.o
  CC      net/netfilter/xt_TPROXY.o
  CC      net/ipv4/netfilter/nf_reject_ipv4.o
  LD      net/wireless/cfg80211.o
  LD      net/wireless/built-in.o
  CC      net/ipv6/netfilter/nf_conntrack_proto_icmpv6.o
  CC      net/netfilter/xt_TCPMSS.o
  CC      net/ipv4/netfilter/nf_nat_h323.o
  CC      net/ipv6/ip6_icmp.o
  CC      net/ipv6/netfilter/nf_nat_l3proto_ipv6.o
  CC      net/ipv4/netfilter/nf_nat_pptp.o
  CC      net/ipv6/output_core.o
  CC      net/ipv6/netfilter/nf_nat_proto_icmpv6.o
  CC      net/ipv6/protocol.o
  CC      net/ipv4/netfilter/nf_nat_masquerade_ipv4.o
  CC      net/ipv6/netfilter/nf_nat_masquerade_ipv6.o
  CC      net/ipv4/netfilter/nf_nat_proto_gre.o
  CC      net/ipv6/netfilter/nf_defrag_ipv6_hooks.o
  CC      net/netfilter/xt_TRACE.o
  CC      net/ipv6/ip6_offload.o
  CC      net/ipv6/netfilter/nf_conntrack_reasm.o
  CC      net/ipv6/netfilter/nf_reject_ipv6.o
  CC      net/ipv6/tcpv6_offload.o
  CC      net/ipv6/exthdrs_offload.o
  CC      net/ipv6/netfilter/ip6t_rpfilter.o
  CC      net/ipv6/inet6_hashtables.o
  CC      net/ipv6/netfilter/ip6t_MASQUERADE.o
  CC      net/netfilter/xt_IDLETIMER.o
  CC      net/ipv6/netfilter/ip6t_NPT.o
  CC      net/ipv6/ip6_udp_tunnel.o
  CC      net/netfilter/xt_comment.o
  CC      net/ipv6/mcast_snoop.o
  CC      net/ipv4/netfilter/ip_tables.o
  CC      net/ipv6/netfilter/ip6t_REJECT.o
  CC      net/netfilter/xt_connbytes.o
  LD      net/ipv6/netfilter/nf_conntrack_ipv6.o
  CC      net/netfilter/xt_connlimit.o
  LD      net/ipv6/netfilter/nf_nat_ipv6.o
  CC      net/ipv4/netfilter/iptable_filter.o
  CC      net/netfilter/xt_conntrack.o
  CC      net/netfilter/xt_ecn.o
  CC      net/ipv4/netfilter/iptable_mangle.o
  LD      net/ipv6/netfilter/nf_defrag_ipv6.o
  CC      net/netfilter/xt_hashlimit.o
  LD      net/ipv6/ipv6.o
  CC      net/ipv4/netfilter/iptable_nat.o
  CC      net/netfilter/xt_helper.o
  CC      net/ipv4/netfilter/iptable_raw.o
  CC      net/netfilter/xt_hl.o
  CC      net/netfilter/xt_iprange.o
  CC      net/ipv4/netfilter/iptable_security.o
  CC      net/netfilter/xt_l2tp.o
  LD      net/ipv6/netfilter/built-in.o
  LD      net/ipv6/built-in.o
  CC      net/ipv4/netfilter/ipt_ah.o
  CC      net/netfilter/xt_length.o
  CC      net/ipv4/netfilter/ipt_MASQUERADE.o
  CC      net/netfilter/xt_limit.o
  CC      net/ipv4/netfilter/ipt_REJECT.o
  CC      net/ipv4/netfilter/arp_tables.o
  CC      net/netfilter/xt_mac.o
  CC      net/netfilter/xt_pkttype.o
  CC      net/ipv4/netfilter/arpt_mangle.o
  CC      net/netfilter/xt_policy.o
  CC      net/ipv4/netfilter/arptable_filter.o
  CC      net/netfilter/xt_quota.o
  LD      net/ipv4/netfilter/nf_conntrack_ipv4.o
  CC      net/netfilter/xt_quota2.o
  LD      net/ipv4/netfilter/nf_nat_ipv4.o
  CC      net/netfilter/xt_socket.o
  CC      net/netfilter/xt_state.o
  CC      net/netfilter/xt_statistic.o
  CC      net/netfilter/xt_string.o
  CC      net/netfilter/xt_time.o
  CC      net/netfilter/xt_u32.o
  LD      net/netfilter/netfilter.o
  LD      net/netfilter/nf_conntrack.o
  LD      net/netfilter/nf_conntrack_h323.o
  LD      net/netfilter/nf_nat.o
  LD      net/netfilter/built-in.o
  LD      net/ipv4/netfilter/built-in.o
  LD      net/ipv4/built-in.o
  LD      net/built-in.o
  GEN     .version
  LD      vmlinux.o
  MODPOST vmlinux.o
  CHK     include/generated/compile.h
  UPD     include/generated/compile.h
  CC      init/version.o
  LD      init/built-in.o
aarch64-linux-gnu-ld: warning: -z norelro ignored
  KSYM    .tmp_kallsyms1.o
aarch64-linux-gnu-ld: warning: -z norelro ignored
  KSYM    .tmp_kallsyms2.o
  LD      vmlinux
aarch64-linux-gnu-ld: warning: -z norelro ignored
  SORTEX  vmlinux
  SYSMAP  System.map
  OBJCOPY arch/arm64/boot/Image
