  CC  config.c
  CC  notify.c
  CC  bss.c
  CC  eap_register.c
  CC  ../src/utils/common.c
  CC  ../src/utils/config.c
  CC  ../src/utils/wpa_debug.c
  CC  ../src/utils/wpabuf.c
  CC  ../src/utils/bitfield.c
  CC  ../src/utils/ip_addr.c
  CC  ../src/utils/crc32.c
  CC  op_classes.c
  CC  rrm.c
  CC  twt.c
  CC  robust_av.c
  CC  wmm_ac.c
  CC  ../src/utils/os_unix.c
  CC  ../src/utils/eloop.c
  CC  config_file.c
  CC  ../src/rsn_supp/wpa.c
  CC  ../src/rsn_supp/preauth.c
  CC  ../src/rsn_supp/pmksa_cache.c
  CC  ../src/rsn_supp/wpa_ie.c
  CC  ../src/common/wpa_common.c
  CC  ../src/crypto/crypto_openssl.c
  CC  ../src/crypto/tls_none.c
  CC  ../src/crypto/aes-omac1.c
  CC  ../src/crypto/sha256-prf.c
  CC  ../src/crypto/sha256-tlsprf.c
  CC  ../src/crypto/random.c
  CC  ../src/common/ctrl_iface_common.c
  CC  ctrl_iface.c
  CC  ctrl_iface_unix.c
  CC  ../src/utils/base64.c
  CC  sme.c
  CC  ../src/common/ieee802_11_common.c
  CC  ../src/common/hw_features_common.c
  CC  ../src/crypto/sha1-prf.c
  CC  ../src/drivers/driver_common.c
  CC  wpa_supplicant.c
  CC  events.c
  CC  bssid_ignore.c
  CC  wpas_glue.c
  CC  scan.c
  CC  main.c
  CC  ../src/drivers/driver_wext.c
  CC  ../src/drivers/driver_nl80211.c
  CC  ../src/drivers/driver_nl80211_capa.c
  CC  ../src/drivers/driver_nl80211_event.c
  CC  ../src/drivers/driver_nl80211_monitor.c
  CC  ../src/drivers/driver_nl80211_scan.c
  CC  ../src/drivers/netlink.c
  CC  ../src/drivers/rfkill.c
  CC  ../src/utils/radiotap.c
  CC  ../src/drivers/linux_ioctl.c
  CC  ../src/drivers/drivers.c
  CC  ../src/l2_packet/l2_packet_linux.c
  LD  wpa_supplicant
  CC  wpa_cli.c
  CC  ../src/common/wpa_ctrl.c
  CC  ../src/common/cli.c
  CC  ../src/utils/edit_simple.c
  LD  wpa_cli
  CC  wpa_passphrase.c
  LD  wpa_passphrase
